{"message":"Process PID: 9263","level":"info"}
{"message":"opening registration connection to main node.","level":"info"}
{"message":"Registered with main node.","level":"info"}
{"message":"Heartbeat Registered.","level":"info"}
{"message":"Heartbeat Registered.","level":"info"}
{"message":"Heartbeat Registered.","level":"info"}
{"message":"Process PID: 10939","level":"info"}
{"message":"opening registration connection to main node.","level":"info"}
{"message":"Registered with main node.","level":"info"}
{"message":"Heartbeat Registered.","level":"info"}
{"message":"Heartbeat Registered.","level":"info"}
{"message":"Heartbeat Registered.","level":"info"}
{"message":"Heartbeat Registered.","level":"info"}
{"message":"Heartbeat Registered.","level":"info"}
{"message":"Heartbeat Registered.","level":"info"}
{"message":"Heartbeat Registered.","level":"info"}
{"message":"Heartbeat Registered.","level":"info"}
{"message":"Heartbeat Registered.","level":"info"}
{"message":"Heartbeat Registered.","level":"info"}
{"message":"Heartbeat Registered.","level":"info"}
{"message":"Heartbeat Registered.","level":"info"}
{"message":"Heartbeat Registered.","level":"info"}
{"message":"Heartbeat Registered.","level":"info"}
{"message":"Heartbeat Registered.","level":"info"}
{"message":"Heartbeat Registered.","level":"info"}
{"message":"Heartbeat Registered.","level":"info"}
{"message":"Heartbeat Registered.","level":"info"}
{"message":"Heartbeat Registered.","level":"info"}
{"message":"Heartbeat Registered.","level":"info"}
{"message":"Heartbeat Registered.","level":"info"}
{"message":"Heartbeat Registered.","level":"info"}
{"message":"Heartbeat Registered.","level":"info"}
{"message":"Heartbeat Registered.","level":"info"}
{"message":"Heartbeat Registered.","level":"info"}
{"message":"Heartbeat Registered.","level":"info"}
{"message":"Heartbeat Registered.","level":"info"}
{"message":"Heartbeat Registered.","level":"info"}
{"message":"Heartbeat Registered.","level":"info"}
{"message":"Heartbeat Registered.","level":"info"}
{"message":"Heartbeat Registered.","level":"info"}
{"message":"Heartbeat Registered.","level":"info"}
{"message":"Heartbeat Registered.","level":"info"}
{"message":"Heartbeat Registered.","level":"info"}
{"message":"Heartbeat Registered.","level":"info"}
{"message":"Heartbeat Registered.","level":"info"}
{"message":"Heartbeat Registered.","level":"info"}
{"message":"Heartbeat Registered.","level":"info"}
{"message":"Heartbeat Registered.","level":"info"}
{"message":"Heartbeat Registered.","level":"info"}
{"message":"Heartbeat Registered.","level":"info"}
{"message":"Heartbeat Registered.","level":"info"}
{"message":"Heartbeat Registered.","level":"info"}
{"message":"Heartbeat Registered.","level":"info"}
{"message":"Heartbeat Registered.","level":"info"}
{"message":"Heartbeat Registered.","level":"info"}
{"message":"Heartbeat Registered.","level":"info"}
{"message":"Heartbeat Registered.","level":"info"}
{"message":"Heartbeat Registered.","level":"info"}
{"message":"Heartbeat Registered.","level":"info"}
{"message":"Heartbeat Registered.","level":"info"}
{"message":"Heartbeat Registered.","level":"info"}
{"message":"Heartbeat Registered.","level":"info"}
{"message":"Heartbeat Registered.","level":"info"}
{"message":"Heartbeat Registered.","level":"info"}
{"message":"Heartbeat Registered.","level":"info"}
{"message":"Heartbeat Registered.","level":"info"}
{"message":"Heartbeat Registered.","level":"info"}
{"message":"Heartbeat Registered.","level":"info"}
{"message":"Heartbeat Registered.","level":"info"}
{"message":"Heartbeat Registered.","level":"info"}
{"message":"Heartbeat Registered.","level":"info"}
{"message":"Heartbeat Registered.","level":"info"}
{"message":"Heartbeat Registered.","level":"info"}
{"message":"Heartbeat Registered.","level":"info"}
{"message":"Heartbeat Registered.","level":"info"}
{"message":"Heartbeat Registered.","level":"info"}
{"message":"Heartbeat Registered.","level":"info"}
{"message":"Heartbeat Registered.","level":"info"}
{"message":"Heartbeat Registered.","level":"info"}
{"message":"Heartbeat Registered.","level":"info"}
{"message":"Heartbeat Registered.","level":"info"}
{"message":"Heartbeat Registered.","level":"info"}
{"message":"Heartbeat Registered.","level":"info"}
{"message":"Heartbeat Registered.","level":"info"}
{"message":"Heartbeat Registered.","level":"info"}
{"message":"Heartbeat Registered.","level":"info"}
{"message":"Heartbeat Registered.","level":"info"}
{"message":"Heartbeat Registered.","level":"info"}
{"message":"Heartbeat Registered.","level":"info"}
{"message":"Heartbeat Registered.","level":"info"}
{"message":"Heartbeat Registered.","level":"info"}
{"message":"Heartbeat Registered.","level":"info"}
{"message":"Heartbeat Registered.","level":"info"}
{"message":"Heartbeat Registered.","level":"info"}
{"message":"Heartbeat Registered.","level":"info"}
{"message":"Heartbeat Registered.","level":"info"}
{"message":"Heartbeat Registered.","level":"info"}
{"message":"Heartbeat Registered.","level":"info"}
{"message":"Heartbeat Registered.","level":"info"}
{"message":"Heartbeat Registered.","level":"info"}
{"message":"Heartbeat Registered.","level":"info"}
{"message":"Heartbeat Registered.","level":"info"}
{"message":"Heartbeat Registered.","level":"info"}
{"message":"Heartbeat Registered.","level":"info"}
{"message":"Heartbeat Registered.","level":"info"}
{"message":"Heartbeat Registered.","level":"info"}
{"message":"Heartbeat Registered.","level":"info"}
{"message":"Heartbeat Registered.","level":"info"}
{"message":"Heartbeat Registered.","level":"info"}
{"message":"Heartbeat Registered.","level":"info"}
{"message":"Heartbeat Registered.","level":"info"}
{"message":"Heartbeat Registered.","level":"info"}
{"message":"Heartbeat Registered.","level":"info"}
{"message":"Heartbeat Registered.","level":"info"}
{"message":"Heartbeat Registered.","level":"info"}
{"message":"Heartbeat Registered.","level":"info"}
{"message":"Heartbeat Registered.","level":"info"}
{"message":"Heartbeat Registered.","level":"info"}
{"message":"Heartbeat Registered.","level":"info"}
{"message":"Heartbeat Registered.","level":"info"}
{"message":"Heartbeat Registered.","level":"info"}
{"message":"Heartbeat Registered.","level":"info"}
{"message":"Heartbeat Registered.","level":"info"}
{"message":"Heartbeat Registered.","level":"info"}
{"message":"Heartbeat Registered.","level":"info"}
{"message":"Heartbeat Registered.","level":"info"}
{"message":"Heartbeat Registered.","level":"info"}
{"message":"Heartbeat Registered.","level":"info"}
{"message":"Heartbeat Registered.","level":"info"}
{"message":"Heartbeat Registered.","level":"info"}
{"message":"Heartbeat Registered.","level":"info"}
{"message":"Heartbeat Registered.","level":"info"}
{"message":"Heartbeat Registered.","level":"info"}
{"message":"Heartbeat Registered.","level":"info"}
{"message":"Heartbeat Registered.","level":"info"}
{"message":"Heartbeat Registered.","level":"info"}
{"message":"Heartbeat Registered.","level":"info"}
{"message":"Heartbeat Registered.","level":"info"}
{"message":"Heartbeat Registered.","level":"info"}
{"message":"Heartbeat Registered.","level":"info"}
{"message":"Heartbeat Registered.","level":"info"}
{"message":"Heartbeat Registered.","level":"info"}
{"message":"Heartbeat Registered.","level":"info"}
{"message":"Heartbeat Registered.","level":"info"}
{"message":"Heartbeat Registered.","level":"info"}
{"message":"Heartbeat Registered.","level":"info"}
{"message":"Heartbeat Registered.","level":"info"}
{"message":"Heartbeat Registered.","level":"info"}
{"message":"Heartbeat Registered.","level":"info"}
{"message":"Heartbeat Registered.","level":"info"}
{"message":"Heartbeat Registered.","level":"info"}
{"message":"Heartbeat Registered.","level":"info"}
{"message":"Heartbeat Registered.","level":"info"}
{"message":"Heartbeat Registered.","level":"info"}
{"message":"Heartbeat Registered.","level":"info"}
{"message":"Heartbeat Registered.","level":"info"}
{"message":"Heartbeat Registered.","level":"info"}
{"message":"Heartbeat Registered.","level":"info"}
{"message":"Heartbeat Registered.","level":"info"}
{"message":"Heartbeat Registered.","level":"info"}
{"message":"Heartbeat Registered.","level":"info"}
{"message":"Heartbeat Registered.","level":"info"}
{"message":"Heartbeat Registered.","level":"info"}
{"message":"Heartbeat Registered.","level":"info"}
{"message":"Heartbeat Registered.","level":"info"}
{"message":"Heartbeat Registered.","level":"info"}
{"message":"Heartbeat Registered.","level":"info"}
{"message":"Heartbeat Registered.","level":"info"}
{"message":"Heartbeat Registered.","level":"info"}
{"message":"Heartbeat Registered.","level":"info"}
{"message":"Heartbeat Registered.","level":"info"}
{"message":"Heartbeat Registered.","level":"info"}
{"message":"Heartbeat Registered.","level":"info"}
{"message":"Heartbeat Registered.","level":"info"}
{"message":"Heartbeat Registered.","level":"info"}
{"message":"Heartbeat Registered.","level":"info"}
{"message":"Heartbeat Registered.","level":"info"}
{"message":"Heartbeat Registered.","level":"info"}
{"message":"Heartbeat Registered.","level":"info"}
{"message":"Heartbeat Registered.","level":"info"}
{"message":"Heartbeat Registered.","level":"info"}
{"message":"Heartbeat Registered.","level":"info"}
{"message":"Heartbeat Registered.","level":"info"}
{"message":"Heartbeat Registered.","level":"info"}
{"message":"Heartbeat Registered.","level":"info"}
{"message":"Heartbeat Registered.","level":"info"}
{"message":"Heartbeat Registered.","level":"info"}
{"message":"Heartbeat Registered.","level":"info"}
{"message":"Heartbeat Registered.","level":"info"}
{"message":"Heartbeat Registered.","level":"info"}
{"message":"Heartbeat Registered.","level":"info"}
{"message":"Heartbeat Registered.","level":"info"}
{"message":"Heartbeat Registered.","level":"info"}
{"message":"Heartbeat Registered.","level":"info"}
{"message":"Heartbeat Registered.","level":"info"}
{"message":"Heartbeat Registered.","level":"info"}
{"message":"Heartbeat Registered.","level":"info"}
{"message":"Heartbeat Registered.","level":"info"}
{"message":"Heartbeat Registered.","level":"info"}
{"message":"Heartbeat Registered.","level":"info"}
{"message":"Heartbeat Registered.","level":"info"}
{"message":"Heartbeat Registered.","level":"info"}
{"message":"Heartbeat Registered.","level":"info"}
{"message":"Heartbeat Registered.","level":"info"}
{"message":"Heartbeat Registered.","level":"info"}
{"message":"Heartbeat Registered.","level":"info"}
{"message":"Heartbeat Registered.","level":"info"}
{"message":"Heartbeat Registered.","level":"info"}
{"message":"Heartbeat Registered.","level":"info"}
{"message":"Heartbeat Registered.","level":"info"}
{"message":"Heartbeat Registered.","level":"info"}
{"message":"Heartbeat Registered.","level":"info"}
{"message":"Heartbeat Registered.","level":"info"}
{"message":"Heartbeat Registered.","level":"info"}
{"message":"Heartbeat Registered.","level":"info"}
{"message":"Heartbeat Registered.","level":"info"}
{"message":"Heartbeat Registered.","level":"info"}
{"message":"Heartbeat Registered.","level":"info"}
{"message":"Heartbeat Registered.","level":"info"}
{"message":"Heartbeat Registered.","level":"info"}
{"message":"Heartbeat Registered.","level":"info"}
{"message":"Heartbeat Registered.","level":"info"}
{"message":"Heartbeat Registered.","level":"info"}
{"message":"Heartbeat Registered.","level":"info"}
{"message":"Heartbeat Registered.","level":"info"}
{"message":"Heartbeat Registered.","level":"info"}
{"message":"Heartbeat Registered.","level":"info"}
{"message":"Heartbeat Registered.","level":"info"}
{"message":"Heartbeat Registered.","level":"info"}
{"message":"Heartbeat Registered.","level":"info"}
{"message":"Heartbeat Registered.","level":"info"}
{"message":"Heartbeat Registered.","level":"info"}
{"message":"Heartbeat Registered.","level":"info"}
{"message":"Heartbeat Registered.","level":"info"}
{"message":"Heartbeat Registered.","level":"info"}
{"message":"Heartbeat Registered.","level":"info"}
{"message":"Heartbeat Registered.","level":"info"}
{"message":"Heartbeat Registered.","level":"info"}
{"message":"Heartbeat Registered.","level":"info"}
{"message":"Heartbeat Registered.","level":"info"}
{"message":"Heartbeat Registered.","level":"info"}
{"message":"Heartbeat Registered.","level":"info"}
{"message":"Heartbeat Registered.","level":"info"}
{"message":"Heartbeat Registered.","level":"info"}
{"message":"Heartbeat Registered.","level":"info"}
{"message":"Heartbeat Registered.","level":"info"}
{"message":"Heartbeat Registered.","level":"info"}
{"message":"Heartbeat Registered.","level":"info"}
{"message":"Heartbeat Registered.","level":"info"}
{"message":"Heartbeat Registered.","level":"info"}
{"message":"Heartbeat Registered.","level":"info"}
{"message":"Heartbeat Registered.","level":"info"}
{"message":"Heartbeat Registered.","level":"info"}
{"message":"Heartbeat Registered.","level":"info"}
{"message":"Heartbeat Registered.","level":"info"}
{"message":"Heartbeat Registered.","level":"info"}
{"message":"Heartbeat Registered.","level":"info"}
{"message":"Heartbeat Registered.","level":"info"}
{"message":"Heartbeat Registered.","level":"info"}
{"message":"Heartbeat Registered.","level":"info"}
{"message":"Heartbeat Registered.","level":"info"}
{"message":"Heartbeat Registered.","level":"info"}
{"message":"Heartbeat Registered.","level":"info"}
{"message":"Heartbeat Registered.","level":"info"}
{"message":"Heartbeat Registered.","level":"info"}
{"message":"Heartbeat Registered.","level":"info"}
{"message":"Heartbeat Registered.","level":"info"}
{"message":"Heartbeat Registered.","level":"info"}
{"message":"Heartbeat Registered.","level":"info"}
{"message":"Heartbeat Registered.","level":"info"}
{"message":"Heartbeat Registered.","level":"info"}
{"message":"Heartbeat Registered.","level":"info"}
{"message":"Heartbeat Registered.","level":"info"}
{"message":"Heartbeat Registered.","level":"info"}
{"message":"Heartbeat Registered.","level":"info"}
{"message":"Heartbeat Registered.","level":"info"}
{"message":"Heartbeat Registered.","level":"info"}
{"message":"Heartbeat Registered.","level":"info"}
{"message":"Heartbeat Registered.","level":"info"}
{"message":"Heartbeat Registered.","level":"info"}
{"message":"Heartbeat Registered.","level":"info"}
{"message":"Heartbeat Registered.","level":"info"}
{"message":"Heartbeat Registered.","level":"info"}
{"message":"Heartbeat Registered.","level":"info"}
{"message":"Heartbeat Registered.","level":"info"}
{"message":"Heartbeat Registered.","level":"info"}
{"message":"Heartbeat Registered.","level":"info"}
{"message":"Heartbeat Registered.","level":"info"}
{"message":"Heartbeat Registered.","level":"info"}
{"message":"Heartbeat Registered.","level":"info"}
{"message":"Heartbeat Registered.","level":"info"}
{"message":"Heartbeat Registered.","level":"info"}
{"message":"Heartbeat Registered.","level":"info"}
{"message":"Heartbeat Registered.","level":"info"}
{"message":"Heartbeat Registered.","level":"info"}
{"message":"Heartbeat Registered.","level":"info"}
{"message":"Heartbeat Registered.","level":"info"}
{"message":"Heartbeat Registered.","level":"info"}
{"message":"Heartbeat Registered.","level":"info"}
{"message":"Heartbeat Registered.","level":"info"}
{"message":"Heartbeat Registered.","level":"info"}
{"message":"Heartbeat Registered.","level":"info"}
{"message":"Heartbeat Registered.","level":"info"}
{"message":"Heartbeat Registered.","level":"info"}
{"message":"Heartbeat Registered.","level":"info"}
{"message":"Heartbeat Registered.","level":"info"}
{"message":"Heartbeat Registered.","level":"info"}
{"message":"Heartbeat Registered.","level":"info"}
{"message":"Heartbeat Registered.","level":"info"}
{"message":"Heartbeat Registered.","level":"info"}
{"message":"Heartbeat Registered.","level":"info"}
{"message":"Heartbeat Registered.","level":"info"}
{"message":"Heartbeat Registered.","level":"info"}
{"message":"Heartbeat Registered.","level":"info"}
{"message":"Heartbeat Registered.","level":"info"}
{"message":"Heartbeat Registered.","level":"info"}
{"message":"Heartbeat Registered.","level":"info"}
{"message":"Heartbeat Registered.","level":"info"}
{"message":"Heartbeat Registered.","level":"info"}
{"message":"Heartbeat Registered.","level":"info"}
{"message":"Heartbeat Registered.","level":"info"}
{"message":"Heartbeat Registered.","level":"info"}
{"message":"Heartbeat Registered.","level":"info"}
{"message":"Heartbeat Registered.","level":"info"}
{"message":"Heartbeat Registered.","level":"info"}
{"message":"Heartbeat Registered.","level":"info"}
{"message":"Heartbeat Registered.","level":"info"}
{"message":"Heartbeat Registered.","level":"info"}
{"message":"Heartbeat Registered.","level":"info"}
{"message":"Heartbeat Registered.","level":"info"}
{"message":"Heartbeat Registered.","level":"info"}
{"message":"Heartbeat Registered.","level":"info"}
{"message":"Heartbeat Registered.","level":"info"}
{"message":"Heartbeat Registered.","level":"info"}
{"message":"Heartbeat Registered.","level":"info"}
{"message":"Heartbeat Registered.","level":"info"}
{"message":"Heartbeat Registered.","level":"info"}
{"message":"Heartbeat Registered.","level":"info"}
{"message":"Heartbeat Registered.","level":"info"}
{"message":"Heartbeat Registered.","level":"info"}
{"message":"Heartbeat Registered.","level":"info"}
{"message":"Heartbeat Registered.","level":"info"}
{"message":"Heartbeat Registered.","level":"info"}
{"message":"Heartbeat Registered.","level":"info"}
{"message":"Heartbeat Registered.","level":"info"}
{"message":"Heartbeat Registered.","level":"info"}
{"message":"Heartbeat Registered.","level":"info"}
{"message":"Heartbeat Registered.","level":"info"}
{"message":"Heartbeat Registered.","level":"info"}
{"message":"Heartbeat Registered.","level":"info"}
{"message":"Heartbeat Registered.","level":"info"}
{"message":"Heartbeat Registered.","level":"info"}
{"message":"Heartbeat Registered.","level":"info"}
{"message":"Heartbeat Registered.","level":"info"}
{"message":"Heartbeat Registered.","level":"info"}
{"message":"Heartbeat Registered.","level":"info"}
{"message":"Heartbeat Registered.","level":"info"}
{"message":"Heartbeat Registered.","level":"info"}
{"message":"Heartbeat Registered.","level":"info"}
{"message":"Heartbeat Registered.","level":"info"}
{"message":"Heartbeat Registered.","level":"info"}
{"message":"Heartbeat Registered.","level":"info"}
{"message":"Heartbeat Registered.","level":"info"}
{"message":"Heartbeat Registered.","level":"info"}
{"message":"Heartbeat Registered.","level":"info"}
{"message":"Heartbeat Registered.","level":"info"}
{"message":"Heartbeat Registered.","level":"info"}
{"message":"Heartbeat Registered.","level":"info"}
{"message":"Heartbeat Registered.","level":"info"}
{"message":"Heartbeat Registered.","level":"info"}
{"message":"Heartbeat Registered.","level":"info"}
{"message":"Heartbeat Registered.","level":"info"}
{"message":"Heartbeat Registered.","level":"info"}
{"message":"Heartbeat Registered.","level":"info"}
{"message":"Heartbeat Registered.","level":"info"}
{"message":"Heartbeat Registered.","level":"info"}
{"message":"Heartbeat Registered.","level":"info"}
{"message":"Heartbeat Registered.","level":"info"}
{"message":"Heartbeat Registered.","level":"info"}
{"message":"Heartbeat Registered.","level":"info"}
{"message":"Heartbeat Registered.","level":"info"}
{"message":"Heartbeat Registered.","level":"info"}
{"message":"Heartbeat Registered.","level":"info"}
{"message":"Heartbeat Registered.","level":"info"}
{"message":"Heartbeat Registered.","level":"info"}
{"message":"Heartbeat Registered.","level":"info"}
{"message":"Heartbeat Registered.","level":"info"}
{"message":"Not a valid process name.","level":"error"}
{"message":"Heartbeat Registered.","level":"info"}
{"message":"Heartbeat Registered.","level":"info"}
{"message":"Heartbeat Registered.","level":"info"}
{"message":"Heartbeat Registered.","level":"info"}
{"message":"Heartbeat Registered.","level":"info"}
{"message":"Heartbeat Registered.","level":"info"}
{"message":"Heartbeat Registered.","level":"info"}
{"message":"Heartbeat Registered.","level":"info"}
{"message":"Heartbeat Registered.","level":"info"}
{"message":"Heartbeat Registered.","level":"info"}
{"message":"Heartbeat Registered.","level":"info"}
{"message":"Heartbeat Registered.","level":"info"}
{"message":"Heartbeat Registered.","level":"info"}
{"message":"Heartbeat Registered.","level":"info"}
{"message":"Heartbeat Registered.","level":"info"}
{"message":"Heartbeat Registered.","level":"info"}
{"message":"Heartbeat Registered.","level":"info"}
{"message":"Heartbeat Registered.","level":"info"}
{"message":"Heartbeat Registered.","level":"info"}
{"message":"Heartbeat Registered.","level":"info"}
{"message":"Heartbeat Registered.","level":"info"}
{"message":"Heartbeat Registered.","level":"info"}
{"message":"Heartbeat Registered.","level":"info"}
{"message":"Heartbeat Registered.","level":"info"}
{"message":"Heartbeat Registered.","level":"info"}
{"message":"Heartbeat Registered.","level":"info"}
{"message":"Heartbeat Registered.","level":"info"}
{"message":"Heartbeat Registered.","level":"info"}
{"message":"Heartbeat Registered.","level":"info"}
{"message":"Heartbeat Registered.","level":"info"}
{"message":"Heartbeat Registered.","level":"info"}
{"message":"Heartbeat Registered.","level":"info"}
{"message":"Heartbeat Registered.","level":"info"}
{"message":"Process PID: 11852","level":"info"}
{"message":"opening registration connection to main node.","level":"info"}
{"message":"Registered with main node.","level":"info"}
{"message":"Heartbeat Registered.","level":"info"}
{"message":"Heartbeat Registered.","level":"info"}
{"message":"Heartbeat Registered.","level":"info"}
{"message":"Heartbeat Registered.","level":"info"}
{"message":"Heartbeat Registered.","level":"info"}
{"message":"Heartbeat Registered.","level":"info"}
{"message":"Heartbeat Registered.","level":"info"}
{"message":"Heartbeat Registered.","level":"info"}
{"message":"Start Request Came In For Name: facial-detection","level":"info"}
{"message":"Start Request For Name: undefined Successful.","level":"info"}
{"message":"Heartbeat Registered.","level":"info"}
{"message":"Heartbeat Registered.","level":"info"}
{"message":"Heartbeat Registered.","level":"info"}
{"message":"Heartbeat Registered.","level":"info"}
{"message":"Heartbeat Registered.","level":"info"}
{"message":"Heartbeat Registered.","level":"info"}
{"message":"Heartbeat Registered.","level":"info"}
{"message":"Heartbeat Registered.","level":"info"}
{"message":"Heartbeat Registered.","level":"info"}
{"message":"Heartbeat Registered.","level":"info"}
{"message":"Heartbeat Registered.","level":"info"}
{"message":"Heartbeat Registered.","level":"info"}
{"message":"Heartbeat Registered.","level":"info"}
{"message":"Heartbeat Registered.","level":"info"}
{"message":"Heartbeat Registered.","level":"info"}
{"message":"Heartbeat Registered.","level":"info"}
{"message":"Heartbeat Registered.","level":"info"}
{"message":"Heartbeat Registered.","level":"info"}
{"message":"Heartbeat Registered.","level":"info"}
{"message":"Heartbeat Registered.","level":"info"}
{"message":"Heartbeat Registered.","level":"info"}
{"message":"Heartbeat Registered.","level":"info"}
{"message":"Heartbeat Registered.","level":"info"}
{"message":"Heartbeat Registered.","level":"info"}
{"message":"Heartbeat Registered.","level":"info"}
{"message":"Heartbeat Registered.","level":"info"}
{"message":"Heartbeat Registered.","level":"info"}
{"message":"Heartbeat Registered.","level":"info"}
{"message":"Heartbeat Registered.","level":"info"}
{"message":"Heartbeat Registered.","level":"info"}
{"message":"Heartbeat Registered.","level":"info"}
{"message":"Heartbeat Registered.","level":"info"}
{"message":"Heartbeat Registered.","level":"info"}
{"message":"Process PID: 11972","level":"info"}
{"message":"opening registration connection to main node.","level":"info"}
{"message":"Registered with main node.","level":"info"}
{"message":"Heartbeat Registered.","level":"info"}
{"message":"Heartbeat Registered.","level":"info"}
{"message":"Heartbeat Registered.","level":"info"}
{"message":"Start Request Came In For Name: facial-detection","level":"info"}
{"message":"Start Request For Name: undefined Successful.","level":"info"}
{"message":"Heartbeat Registered.","level":"info"}
{"message":"Heartbeat Registered.","level":"info"}
{"message":"Heartbeat Registered.","level":"info"}
{"message":"Heartbeat Registered.","level":"info"}
{"message":"Heartbeat Registered.","level":"info"}
{"message":"Heartbeat Registered.","level":"info"}
{"message":"Heartbeat Registered.","level":"info"}
{"message":"Heartbeat Registered.","level":"info"}
{"message":"Heartbeat Registered.","level":"info"}
{"message":"Heartbeat Registered.","level":"info"}
{"message":"Heartbeat Registered.","level":"info"}
{"message":"Heartbeat Registered.","level":"info"}
{"message":"Heartbeat Registered.","level":"info"}
{"message":"Heartbeat Registered.","level":"info"}
{"message":"Heartbeat Registered.","level":"info"}
{"message":"Process PID: 12097","level":"info"}
{"message":"opening registration connection to main node.","level":"info"}
{"message":"Registered with main node.","level":"info"}
{"message":"Heartbeat Registered.","level":"info"}
{"message":"Heartbeat Registered.","level":"info"}
{"message":"Heartbeat Registered.","level":"info"}
{"message":"Heartbeat Registered.","level":"info"}
{"message":"Start Request Came In For Name: facial-detection","level":"info"}
{"message":"Start Request For Name: undefined Successful.","level":"info"}
{"message":"Heartbeat Registered.","level":"info"}
{"message":"Heartbeat Registered.","level":"info"}
{"message":"Heartbeat Registered.","level":"info"}
{"message":"Heartbeat Registered.","level":"info"}
{"message":"Heartbeat Registered.","level":"info"}
{"message":"Heartbeat Registered.","level":"info"}
{"message":"Heartbeat Registered.","level":"info"}
{"message":"Heartbeat Registered.","level":"info"}
{"message":"Heartbeat Registered.","level":"info"}
{"message":"Heartbeat Registered.","level":"info"}
{"message":"Process PID: 12217","level":"info"}
{"message":"opening registration connection to main node.","level":"info"}
{"message":"Registered with main node.","level":"info"}
{"message":"Heartbeat Registered.","level":"info"}
{"message":"Heartbeat Registered.","level":"info"}
{"message":"Heartbeat Registered.","level":"info"}
{"message":"Start Request Came In For Name: facial-detection","level":"info"}
{"message":"Start Request For Name: undefined Successful.","level":"info"}
{"message":"Heartbeat Registered.","level":"info"}
{"message":"Heartbeat Registered.","level":"info"}
{"message":"Heartbeat Registered.","level":"info"}
{"message":"Heartbeat Registered.","level":"info"}
{"message":"Heartbeat Registered.","level":"info"}
{"message":"Heartbeat Registered.","level":"info"}
{"message":"Heartbeat Registered.","level":"info"}
{"message":"Heartbeat Registered.","level":"info"}
{"message":"Heartbeat Registered.","level":"info"}
{"message":"Heartbeat Registered.","level":"info"}
{"message":"Heartbeat Registered.","level":"info"}
{"message":"Heartbeat Registered.","level":"info"}
{"message":"Heartbeat Registered.","level":"info"}
{"message":"Heartbeat Registered.","level":"info"}
{"message":"Heartbeat Registered.","level":"info"}
{"message":"Heartbeat Registered.","level":"info"}
{"message":"Heartbeat Registered.","level":"info"}
{"message":"Heartbeat Registered.","level":"info"}
{"message":"Heartbeat Registered.","level":"info"}
{"message":"Heartbeat Registered.","level":"info"}
{"message":"Process PID: 12372","level":"info"}
{"message":"opening registration connection to main node.","level":"info"}
{"message":"Registered with main node.","level":"info"}
{"message":"Heartbeat Registered.","level":"info"}
{"message":"Heartbeat Registered.","level":"info"}
{"message":"Heartbeat Registered.","level":"info"}
{"message":"Start Request Came In For Name: facial-detection","level":"info"}
{"message":"Start Request For Name: undefined Successful.","level":"info"}
{"message":"Heartbeat Registered.","level":"info"}
{"message":"Heartbeat Registered.","level":"info"}
{"message":"Heartbeat Registered.","level":"info"}
{"message":"Heartbeat Registered.","level":"info"}
{"message":"Heartbeat Registered.","level":"info"}
{"message":"Heartbeat Registered.","level":"info"}
{"message":"Heartbeat Registered.","level":"info"}
{"message":"Heartbeat Registered.","level":"info"}
{"message":"Heartbeat Registered.","level":"info"}
{"message":"Heartbeat Registered.","level":"info"}
{"message":"Heartbeat Registered.","level":"info"}
{"message":"Start Request Came In For Name: facial-detection","level":"info"}
{"message":"Heartbeat Registered.","level":"info"}
{"message":"Heartbeat Registered.","level":"info"}
{"message":"Heartbeat Registered.","level":"info"}
{"message":"Heartbeat Registered.","level":"info"}
{"message":"Heartbeat Registered.","level":"info"}
{"message":"Heartbeat Registered.","level":"info"}
{"message":"Heartbeat Registered.","level":"info"}
{"message":"Start Request Came In For Name: image_processing","level":"info"}
{"message":"Heartbeat Registered.","level":"info"}
{"message":"Heartbeat Registered.","level":"info"}
{"message":"Heartbeat Registered.","level":"info"}
{"message":"Heartbeat Registered.","level":"info"}
{"message":"Heartbeat Registered.","level":"info"}
{"message":"Heartbeat Registered.","level":"info"}
{"message":"Heartbeat Registered.","level":"info"}
{"message":"Start Request Came In For Name: facial-recognition","level":"info"}
{"message":"Heartbeat Registered.","level":"info"}
{"message":"Heartbeat Registered.","level":"info"}
{"message":"Kill Request Came In.","level":"info"}
{"message":"Kill Request Came In For PID: 12399","level":"info"}
{"message":"Kill Request For PID: 12399 Successful.","level":"info"}
{"message":"Start Request For Name: undefined Successful.","level":"info"}
{"message":"Heartbeat Registered.","level":"info"}
{"message":"Kill Request Came In.","level":"info"}
{"message":"Kill Request Came In For PID: 12409","level":"info"}
{"message":"Kill Request For PID: 12409 Successful.","level":"info"}
{"message":"Start Request For Name: undefined Successful.","level":"info"}
{"message":"Kill Request Came In.","level":"info"}
{"message":"Kill Request Came In For PID: 12420","level":"info"}
{"message":"Kill Request For PID: 12420 Successful.","level":"info"}
{"message":"Start Request For Name: undefined Successful.","level":"info"}
{"message":"Heartbeat Registered.","level":"info"}
{"message":"Heartbeat Registered.","level":"info"}
{"message":"Heartbeat Registered.","level":"info"}
{"message":"Heartbeat Registered.","level":"info"}
{"message":"Heartbeat Registered.","level":"info"}
{"message":"Heartbeat Registered.","level":"info"}
{"message":"Heartbeat Registered.","level":"info"}
{"message":"Heartbeat Registered.","level":"info"}
{"message":"Heartbeat Registered.","level":"info"}
